<?xml version="1.0" encoding="UTF-8"?>
<coverage generated="1613470473235" clover="3.2.0">
  <project timestamp="1613470473235" name="All files">
    <metrics statements="96" coveredstatements="87" conditionals="83" coveredconditionals="60" methods="28" coveredmethods="26" elements="207" coveredelements="173" complexity="0" loc="96" ncloc="96" packages="7" files="16" classes="16"/>
    <package name="lib.modules.order">
      <metrics statements="15" coveredstatements="14" conditionals="14" coveredconditionals="12" methods="5" coveredmethods="5"/>
      <file name="index.ts" path="/Users/toluwanimi/Documents/Folder/Buycoins/src/lib/modules/order/index.ts">
        <metrics statements="13" coveredstatements="12" conditionals="6" coveredconditionals="4" methods="5" coveredmethods="5"/>
        <line num="2" count="1" type="stmt"/>
        <line num="3" count="1" type="stmt"/>
        <line num="5" count="1" type="stmt"/>
        <line num="7" count="3" type="cond" truecount="2" falsecount="0"/>
        <line num="10" count="1" type="stmt"/>
        <line num="11" count="1" type="cond" truecount="2" falsecount="2"/>
        <line num="12" count="0" type="stmt"/>
        <line num="14" count="1" type="stmt"/>
        <line num="17" count="1" type="stmt"/>
        <line num="18" count="1" type="stmt"/>
        <line num="22" count="1" type="stmt"/>
        <line num="23" count="1" type="stmt"/>
        <line num="26" count="1" type="stmt"/>
      </file>
      <file name="orderRequest.ts" path="/Users/toluwanimi/Documents/Folder/Buycoins/src/lib/modules/order/orderRequest.ts">
        <metrics statements="2" coveredstatements="2" conditionals="8" coveredconditionals="8" methods="0" coveredmethods="0"/>
        <line num="1" count="1" type="stmt"/>
        <line num="4" count="1" type="stmt"/>
      </file>
    </package>
    <package name="lib.modules.send">
      <metrics statements="13" coveredstatements="13" conditionals="8" coveredconditionals="8" methods="5" coveredmethods="5"/>
      <file name="index.ts" path="/Users/toluwanimi/Documents/Folder/Buycoins/src/lib/modules/send/index.ts">
        <metrics statements="11" coveredstatements="11" conditionals="2" coveredconditionals="2" methods="5" coveredmethods="5"/>
        <line num="1" count="1" type="stmt"/>
        <line num="3" count="1" type="stmt"/>
        <line num="5" count="1" type="stmt"/>
        <line num="7" count="3" type="cond" truecount="2" falsecount="0"/>
        <line num="10" count="1" type="stmt"/>
        <line num="11" count="1" type="stmt"/>
        <line num="14" count="1" type="stmt"/>
        <line num="15" count="1" type="stmt"/>
        <line num="18" count="1" type="stmt"/>
        <line num="19" count="1" type="stmt"/>
        <line num="21" count="1" type="stmt"/>
      </file>
      <file name="sendRequest.ts" path="/Users/toluwanimi/Documents/Folder/Buycoins/src/lib/modules/send/sendRequest.ts">
        <metrics statements="2" coveredstatements="2" conditionals="6" coveredconditionals="6" methods="0" coveredmethods="0"/>
        <line num="1" count="1" type="stmt"/>
        <line num="3" count="1" type="stmt"/>
      </file>
    </package>
    <package name="lib.modules.trade">
      <metrics statements="21" coveredstatements="15" conditionals="22" coveredconditionals="14" methods="7" coveredmethods="5"/>
      <file name="index.ts" path="/Users/toluwanimi/Documents/Folder/Buycoins/src/lib/modules/trade/index.ts">
        <metrics statements="19" coveredstatements="13" conditionals="10" coveredconditionals="2" methods="7" coveredmethods="5"/>
        <line num="1" count="1" type="stmt"/>
        <line num="3" count="1" type="stmt"/>
        <line num="6" count="1" type="stmt"/>
        <line num="8" count="3" type="cond" truecount="2" falsecount="0"/>
        <line num="11" count="1" type="stmt"/>
        <line num="12" count="1" type="stmt"/>
        <line num="15" count="1" type="stmt"/>
        <line num="16" count="0" type="stmt"/>
        <line num="20" count="1" type="stmt"/>
        <line num="21" count="1" type="stmt"/>
        <line num="24" count="1" type="stmt"/>
        <line num="25" count="1" type="stmt"/>
        <line num="28" count="1" type="stmt"/>
        <line num="29" count="0" type="cond" truecount="0" falsecount="4"/>
        <line num="30" count="0" type="stmt"/>
        <line num="35" count="0" type="cond" truecount="0" falsecount="4"/>
        <line num="36" count="0" type="stmt"/>
        <line num="41" count="0" type="stmt"/>
        <line num="43" count="1" type="stmt"/>
      </file>
      <file name="tradeRequest.ts" path="/Users/toluwanimi/Documents/Folder/Buycoins/src/lib/modules/trade/tradeRequest.ts">
        <metrics statements="2" coveredstatements="2" conditionals="12" coveredconditionals="12" methods="0" coveredmethods="0"/>
        <line num="1" count="1" type="stmt"/>
        <line num="4" count="1" type="stmt"/>
      </file>
    </package>
    <package name="lib.modules.wallet">
      <metrics statements="13" coveredstatements="12" conditionals="21" coveredconditionals="14" methods="4" coveredmethods="4"/>
      <file name="index.ts" path="/Users/toluwanimi/Documents/Folder/Buycoins/src/lib/modules/wallet/index.ts">
        <metrics statements="11" coveredstatements="10" conditionals="15" coveredconditionals="8" methods="4" coveredmethods="4"/>
        <line num="1" count="1" type="stmt"/>
        <line num="3" count="1" type="stmt"/>
        <line num="5" count="1" type="stmt"/>
        <line num="7" count="2" type="cond" truecount="2" falsecount="0"/>
        <line num="10" count="1" type="stmt"/>
        <line num="11" count="1" type="cond" truecount="2" falsecount="0"/>
        <line num="14" count="1" type="stmt"/>
        <line num="16" count="2" type="cond" truecount="2" falsecount="6"/>
        <line num="17" count="0" type="cond" truecount="2" falsecount="1"/>
        <line num="19" count="1" type="stmt"/>
        <line num="22" count="1" type="stmt"/>
      </file>
      <file name="walletRequest.ts" path="/Users/toluwanimi/Documents/Folder/Buycoins/src/lib/modules/wallet/walletRequest.ts">
        <metrics statements="2" coveredstatements="2" conditionals="6" coveredconditionals="6" methods="0" coveredmethods="0"/>
        <line num="1" count="1" type="stmt"/>
        <line num="4" count="1" type="stmt"/>
      </file>
    </package>
    <package name="lib.modules.withdrawal">
      <metrics statements="15" coveredstatements="14" conditionals="18" coveredconditionals="12" methods="5" coveredmethods="5"/>
      <file name="index.ts" path="/Users/toluwanimi/Documents/Folder/Buycoins/src/lib/modules/withdrawal/index.ts">
        <metrics statements="13" coveredstatements="12" conditionals="10" coveredconditionals="4" methods="5" coveredmethods="5"/>
        <line num="2" count="1" type="stmt"/>
        <line num="3" count="1" type="stmt"/>
        <line num="5" count="1" type="stmt"/>
        <line num="7" count="3" type="cond" truecount="2" falsecount="0"/>
        <line num="10" count="1" type="stmt"/>
        <line num="11" count="1" type="cond" truecount="2" falsecount="6"/>
        <line num="12" count="0" type="stmt"/>
        <line num="14" count="1" type="stmt"/>
        <line num="17" count="1" type="stmt"/>
        <line num="18" count="1" type="stmt"/>
        <line num="21" count="1" type="stmt"/>
        <line num="22" count="1" type="stmt"/>
        <line num="24" count="1" type="stmt"/>
      </file>
      <file name="withdrawalRequest.ts" path="/Users/toluwanimi/Documents/Folder/Buycoins/src/lib/modules/withdrawal/withdrawalRequest.ts">
        <metrics statements="2" coveredstatements="2" conditionals="8" coveredconditionals="8" methods="0" coveredmethods="0"/>
        <line num="1" count="1" type="stmt"/>
        <line num="3" count="1" type="stmt"/>
      </file>
    </package>
    <package name="lib.shared">
      <metrics statements="3" coveredstatements="3" conditionals="0" coveredconditionals="0" methods="2" coveredmethods="2"/>
      <file name="Base.ts" path="/Users/toluwanimi/Documents/Folder/Buycoins/src/lib/shared/Base.ts">
        <metrics statements="3" coveredstatements="3" conditionals="0" coveredconditionals="0" methods="2" coveredmethods="2"/>
        <line num="3" count="5" type="stmt"/>
        <line num="7" count="14" type="stmt"/>
        <line num="9" count="5" type="stmt"/>
      </file>
    </package>
    <package name="testdata">
      <metrics statements="16" coveredstatements="16" conditionals="0" coveredconditionals="0" methods="0" coveredmethods="0"/>
      <file name="order.ts" path="/Users/toluwanimi/Documents/Folder/Buycoins/src/testdata/order.ts">
        <metrics statements="1" coveredstatements="1" conditionals="0" coveredconditionals="0" methods="0" coveredmethods="0"/>
        <line num="1" count="1" type="stmt"/>
      </file>
      <file name="send.ts" path="/Users/toluwanimi/Documents/Folder/Buycoins/src/testdata/send.ts">
        <metrics statements="3" coveredstatements="3" conditionals="0" coveredconditionals="0" methods="0" coveredmethods="0"/>
        <line num="1" count="1" type="stmt"/>
        <line num="12" count="1" type="stmt"/>
        <line num="21" count="1" type="stmt"/>
      </file>
      <file name="trade.ts" path="/Users/toluwanimi/Documents/Folder/Buycoins/src/testdata/trade.ts">
        <metrics statements="6" coveredstatements="6" conditionals="0" coveredconditionals="0" methods="0" coveredmethods="0"/>
        <line num="1" count="1" type="stmt"/>
        <line num="643" count="1" type="stmt"/>
        <line num="651" count="1" type="stmt"/>
        <line num="691" count="1" type="stmt"/>
        <line num="708" count="1" type="stmt"/>
        <line num="719" count="1" type="stmt"/>
      </file>
      <file name="wallet.ts" path="/Users/toluwanimi/Documents/Folder/Buycoins/src/testdata/wallet.ts">
        <metrics statements="3" coveredstatements="3" conditionals="0" coveredconditionals="0" methods="0" coveredmethods="0"/>
        <line num="1" count="1" type="stmt"/>
        <line num="10" count="1" type="stmt"/>
        <line num="47" count="1" type="stmt"/>
      </file>
      <file name="withdrawal.ts" path="/Users/toluwanimi/Documents/Folder/Buycoins/src/testdata/withdrawal.ts">
        <metrics statements="3" coveredstatements="3" conditionals="0" coveredconditionals="0" methods="0" coveredmethods="0"/>
        <line num="1" count="1" type="stmt"/>
        <line num="24" count="1" type="stmt"/>
        <line num="39" count="1" type="stmt"/>
      </file>
    </package>
  </project>
</coverage>
