{"/Users/toluwanimi/Documents/Folder/Buycoins/src/lib/modules/order/index.ts": {"path":"/Users/toluwanimi/Documents/Folder/Buycoins/src/lib/modules/order/index.ts","statementMap":{"0":{"start":{"line":2,"column":0},"end":{"line":2,"column":46}},"1":{"start":{"line":3,"column":0},"end":{"line":3,"column":37}},"2":{"start":{"line":5,"column":0},"end":{"line":5,"column":null}},"3":{"start":{"line":5,"column":35},"end":{"line":5,"column":39}},"4":{"start":{"line":7,"column":4},"end":{"line":7,"column":null}},"5":{"start":{"line":10,"column":8},"end":{"line":15,"column":null}},"6":{"start":{"line":11,"column":4},"end":{"line":13,"column":null}},"7":{"start":{"line":12,"column":6},"end":{"line":12,"column":91}},"8":{"start":{"line":14,"column":4},"end":{"line":14,"column":67}},"9":{"start":{"line":17,"column":8},"end":{"line":19,"column":null}},"10":{"start":{"line":18,"column":4},"end":{"line":18,"column":86}},"11":{"start":{"line":22,"column":8},"end":{"line":24,"column":null}},"12":{"start":{"line":23,"column":4},"end":{"line":23,"column":88}},"13":{"start":{"line":26,"column":0},"end":{"line":26,"column":null}}},"fnMap":{"0":{"name":"(anonymous_19)","decl":{"start":{"line":5,"column":0},"end":{"line":5,"column":35}},"loc":{"start":{"line":5,"column":0},"end":{"line":26,"column":null}}},"1":{"name":"Order","decl":{"start":{"line":6,"column":2},"end":{"line":6,"column":14}},"loc":{"start":{"line":6,"column":25},"end":{"line":8,"column":3}}},"2":{"name":"(anonymous_21)","decl":{"start":{"line":10,"column":2},"end":{"line":10,"column":8}},"loc":{"start":{"line":10,"column":44},"end":{"line":15,"column":null}}},"3":{"name":"(anonymous_24)","decl":{"start":{"line":17,"column":2},"end":{"line":17,"column":8}},"loc":{"start":{"line":17,"column":34},"end":{"line":19,"column":null}}},"4":{"name":"(anonymous_27)","decl":{"start":{"line":22,"column":2},"end":{"line":22,"column":8}},"loc":{"start":{"line":22,"column":36},"end":{"line":24,"column":null}}}},"branchMap":{"0":{"loc":{"start":{"line":7,"column":4},"end":{"line":7,"column":17}},"type":"binary-expr","locations":[{"start":{"line":7,"column":4},"end":{"line":7,"column":17}},{"start":{"line":7,"column":17},"end":{"line":7,"column":null}}]},"1":{"loc":{"start":{"line":11,"column":4},"end":{"line":13,"column":null}},"type":"if","locations":[{"start":{"line":11,"column":4},"end":{"line":13,"column":null}},{"start":{"line":11,"column":4},"end":{"line":13,"column":null}}]},"2":{"loc":{"start":{"line":11,"column":8},"end":{"line":11,"column":21}},"type":"binary-expr","locations":[{"start":{"line":11,"column":8},"end":{"line":11,"column":21}},{"start":{"line":11,"column":25},"end":{"line":11,"column":45}}]}},"s":{"0":1,"1":1,"2":1,"3":1,"4":3,"5":1,"6":1,"7":0,"8":1,"9":1,"10":1,"11":1,"12":1,"13":1},"f":{"0":1,"1":3,"2":1,"3":1,"4":1},"b":{"0":[3,3],"1":[0,1],"2":[1,0]}}
,"/Users/toluwanimi/Documents/Folder/Buycoins/src/lib/modules/order/orderRequest.ts": {"path":"/Users/toluwanimi/Documents/Folder/Buycoins/src/lib/modules/order/orderRequest.ts","statementMap":{"0":{"start":{"line":1,"column":0},"end":{"line":1,"column":33}},"1":{"start":{"line":4,"column":13},"end":{"line":62,"column":null}}},"fnMap":{},"branchMap":{"0":{"loc":{"start":{"line":5,"column":21},"end":{"line":5,"column":null}},"type":"binary-expr","locations":[{"start":{"line":5,"column":21},"end":{"line":5,"column":null}},{"start":{"line":5,"column":21},"end":{"line":21,"column":null}}]},"1":{"loc":{"start":{"line":23,"column":17},"end":{"line":23,"column":null}},"type":"binary-expr","locations":[{"start":{"line":23,"column":17},"end":{"line":23,"column":null}},{"start":{"line":23,"column":17},"end":{"line":39,"column":null}}]},"2":{"loc":{"start":{"line":40,"column":16},"end":{"line":40,"column":null}},"type":"binary-expr","locations":[{"start":{"line":40,"column":16},"end":{"line":40,"column":null}},{"start":{"line":40,"column":16},"end":{"line":50,"column":null}}]},"3":{"loc":{"start":{"line":51,"column":17},"end":{"line":51,"column":null}},"type":"binary-expr","locations":[{"start":{"line":51,"column":17},"end":{"line":51,"column":null}},{"start":{"line":51,"column":17},"end":{"line":61,"column":null}}]}},"s":{"0":1,"1":1},"f":{},"b":{"0":[1,1],"1":[1,1],"2":[1,1],"3":[1,1]}}
,"/Users/toluwanimi/Documents/Folder/Buycoins/src/lib/modules/send/index.ts": {"path":"/Users/toluwanimi/Documents/Folder/Buycoins/src/lib/modules/send/index.ts","statementMap":{"0":{"start":{"line":1,"column":0},"end":{"line":1,"column":44}},"1":{"start":{"line":3,"column":0},"end":{"line":3,"column":37}},"2":{"start":{"line":5,"column":0},"end":{"line":5,"column":null}},"3":{"start":{"line":5,"column":34},"end":{"line":5,"column":38}},"4":{"start":{"line":7,"column":4},"end":{"line":7,"column":null}},"5":{"start":{"line":10,"column":8},"end":{"line":12,"column":null}},"6":{"start":{"line":11,"column":4},"end":{"line":11,"column":94}},"7":{"start":{"line":14,"column":8},"end":{"line":16,"column":null}},"8":{"start":{"line":15,"column":4},"end":{"line":15,"column":99}},"9":{"start":{"line":18,"column":8},"end":{"line":20,"column":null}},"10":{"start":{"line":19,"column":4},"end":{"line":19,"column":83}},"11":{"start":{"line":21,"column":0},"end":{"line":21,"column":null}}},"fnMap":{"0":{"name":"(anonymous_19)","decl":{"start":{"line":5,"column":0},"end":{"line":5,"column":34}},"loc":{"start":{"line":5,"column":0},"end":{"line":21,"column":null}}},"1":{"name":"Send","decl":{"start":{"line":6,"column":2},"end":{"line":6,"column":14}},"loc":{"start":{"line":6,"column":25},"end":{"line":8,"column":3}}},"2":{"name":"(anonymous_21)","decl":{"start":{"line":10,"column":2},"end":{"line":10,"column":8}},"loc":{"start":{"line":10,"column":49},"end":{"line":12,"column":null}}},"3":{"name":"(anonymous_24)","decl":{"start":{"line":14,"column":2},"end":{"line":14,"column":8}},"loc":{"start":{"line":14,"column":52},"end":{"line":16,"column":null}}},"4":{"name":"(anonymous_27)","decl":{"start":{"line":18,"column":2},"end":{"line":18,"column":8}},"loc":{"start":{"line":18,"column":28},"end":{"line":20,"column":null}}}},"branchMap":{"0":{"loc":{"start":{"line":7,"column":4},"end":{"line":7,"column":17}},"type":"binary-expr","locations":[{"start":{"line":7,"column":4},"end":{"line":7,"column":17}},{"start":{"line":7,"column":17},"end":{"line":7,"column":null}}]}},"s":{"0":1,"1":1,"2":1,"3":1,"4":3,"5":1,"6":1,"7":1,"8":1,"9":1,"10":1,"11":1},"f":{"0":1,"1":3,"2":1,"3":1,"4":1},"b":{"0":[3,3]}}
,"/Users/toluwanimi/Documents/Folder/Buycoins/src/lib/modules/send/sendRequest.ts": {"path":"/Users/toluwanimi/Documents/Folder/Buycoins/src/lib/modules/send/sendRequest.ts","statementMap":{"0":{"start":{"line":1,"column":0},"end":{"line":1,"column":35}},"1":{"start":{"line":3,"column":13},"end":{"line":36,"column":2}}},"fnMap":{},"branchMap":{"0":{"loc":{"start":{"line":4,"column":11},"end":{"line":4,"column":null}},"type":"binary-expr","locations":[{"start":{"line":4,"column":11},"end":{"line":4,"column":null}},{"start":{"line":4,"column":11},"end":{"line":19,"column":null}}]},"1":{"loc":{"start":{"line":21,"column":19},"end":{"line":21,"column":null}},"type":"binary-expr","locations":[{"start":{"line":21,"column":19},"end":{"line":21,"column":null}},{"start":{"line":21,"column":19},"end":{"line":27,"column":null}}]},"2":{"loc":{"start":{"line":28,"column":20},"end":{"line":28,"column":null}},"type":"binary-expr","locations":[{"start":{"line":28,"column":20},"end":{"line":28,"column":null}},{"start":{"line":28,"column":20},"end":{"line":35,"column":null}}]}},"s":{"0":1,"1":1},"f":{},"b":{"0":[1,1],"1":[1,1],"2":[1,1]}}
,"/Users/toluwanimi/Documents/Folder/Buycoins/src/lib/modules/trade/index.ts": {"path":"/Users/toluwanimi/Documents/Folder/Buycoins/src/lib/modules/trade/index.ts","statementMap":{"0":{"start":{"line":1,"column":0},"end":{"line":1,"column":46}},"1":{"start":{"line":3,"column":0},"end":{"line":3,"column":37}},"2":{"start":{"line":6,"column":0},"end":{"line":6,"column":null}},"3":{"start":{"line":6,"column":35},"end":{"line":6,"column":39}},"4":{"start":{"line":8,"column":4},"end":{"line":8,"column":null}},"5":{"start":{"line":11,"column":2},"end":{"line":13,"column":null}},"6":{"start":{"line":12,"column":4},"end":{"line":12,"column":68}},"7":{"start":{"line":15,"column":2},"end":{"line":17,"column":null}},"8":{"start":{"line":16,"column":4},"end":{"line":16,"column":102}},"9":{"start":{"line":20,"column":2},"end":{"line":22,"column":null}},"10":{"start":{"line":21,"column":4},"end":{"line":21,"column":95}},"11":{"start":{"line":24,"column":2},"end":{"line":26,"column":null}},"12":{"start":{"line":25,"column":4},"end":{"line":25,"column":89}},"13":{"start":{"line":28,"column":2},"end":{"line":42,"column":null}},"14":{"start":{"line":29,"column":4},"end":{"line":34,"column":null}},"15":{"start":{"line":30,"column":6},"end":{"line":33,"column":9}},"16":{"start":{"line":35,"column":4},"end":{"line":40,"column":null}},"17":{"start":{"line":36,"column":6},"end":{"line":39,"column":9}},"18":{"start":{"line":41,"column":4},"end":{"line":41,"column":106}},"19":{"start":{"line":43,"column":0},"end":{"line":43,"column":null}}},"fnMap":{"0":{"name":"(anonymous_6)","decl":{"start":{"line":6,"column":0},"end":{"line":6,"column":35}},"loc":{"start":{"line":6,"column":0},"end":{"line":43,"column":null}}},"1":{"name":"Trade","decl":{"start":{"line":7,"column":2},"end":{"line":7,"column":14}},"loc":{"start":{"line":7,"column":25},"end":{"line":9,"column":3}}},"2":{"name":"(anonymous_8)","decl":{"start":{"line":11,"column":2},"end":{"line":11,"column":15}},"loc":{"start":{"line":11,"column":2},"end":{"line":13,"column":3}}},"3":{"name":"(anonymous_9)","decl":{"start":{"line":15,"column":2},"end":{"line":15,"column":17}},"loc":{"start":{"line":15,"column":51},"end":{"line":17,"column":3}}},"4":{"name":"(anonymous_10)","decl":{"start":{"line":20,"column":2},"end":{"line":20,"column":17}},"loc":{"start":{"line":20,"column":45},"end":{"line":22,"column":3}}},"5":{"name":"(anonymous_11)","decl":{"start":{"line":24,"column":2},"end":{"line":24,"column":11}},"loc":{"start":{"line":24,"column":39},"end":{"line":26,"column":3}}},"6":{"name":"(anonymous_12)","decl":{"start":{"line":28,"column":2},"end":{"line":28,"column":17}},"loc":{"start":{"line":28,"column":59},"end":{"line":42,"column":3}}}},"branchMap":{"0":{"loc":{"start":{"line":8,"column":4},"end":{"line":8,"column":17}},"type":"binary-expr","locations":[{"start":{"line":8,"column":4},"end":{"line":8,"column":17}},{"start":{"line":8,"column":17},"end":{"line":8,"column":null}}]},"1":{"loc":{"start":{"line":29,"column":4},"end":{"line":34,"column":null}},"type":"if","locations":[{"start":{"line":29,"column":4},"end":{"line":34,"column":null}},{"start":{"line":29,"column":4},"end":{"line":34,"column":null}}]},"2":{"loc":{"start":{"line":29,"column":8},"end":{"line":29,"column":50}},"type":"binary-expr","locations":[{"start":{"line":29,"column":8},"end":{"line":29,"column":50}},{"start":{"line":29,"column":54},"end":{"line":29,"column":86}}]},"3":{"loc":{"start":{"line":35,"column":4},"end":{"line":40,"column":null}},"type":"if","locations":[{"start":{"line":35,"column":4},"end":{"line":40,"column":null}},{"start":{"line":35,"column":4},"end":{"line":40,"column":null}}]},"4":{"loc":{"start":{"line":35,"column":8},"end":{"line":35,"column":51}},"type":"binary-expr","locations":[{"start":{"line":35,"column":8},"end":{"line":35,"column":51}},{"start":{"line":35,"column":55},"end":{"line":35,"column":95}}]}},"s":{"0":1,"1":1,"2":1,"3":1,"4":3,"5":1,"6":1,"7":1,"8":0,"9":1,"10":1,"11":1,"12":1,"13":1,"14":0,"15":0,"16":0,"17":0,"18":0,"19":1},"f":{"0":1,"1":3,"2":1,"3":0,"4":1,"5":1,"6":0},"b":{"0":[3,3],"1":[0,0],"2":[0,0],"3":[0,0],"4":[0,0]}}
,"/Users/toluwanimi/Documents/Folder/Buycoins/src/lib/modules/trade/tradeRequest.ts": {"path":"/Users/toluwanimi/Documents/Folder/Buycoins/src/lib/modules/trade/tradeRequest.ts","statementMap":{"0":{"start":{"line":1,"column":0},"end":{"line":1,"column":33}},"1":{"start":{"line":4,"column":13},"end":{"line":102,"column":null}}},"fnMap":{},"branchMap":{"0":{"loc":{"start":{"line":5,"column":22},"end":{"line":5,"column":23}},"type":"binary-expr","locations":[{"start":{"line":5,"column":22},"end":{"line":5,"column":23}},{"start":{"line":5,"column":22},"end":{"line":27,"column":null}}]},"1":{"loc":{"start":{"line":28,"column":17},"end":{"line":28,"column":null}},"type":"binary-expr","locations":[{"start":{"line":28,"column":17},"end":{"line":28,"column":null}},{"start":{"line":28,"column":17},"end":{"line":40,"column":null}}]},"2":{"loc":{"start":{"line":41,"column":24},"end":{"line":41,"column":null}},"type":"binary-expr","locations":[{"start":{"line":41,"column":24},"end":{"line":41,"column":null}},{"start":{"line":41,"column":24},"end":{"line":46,"column":null}}]},"3":{"loc":{"start":{"line":47,"column":18},"end":{"line":47,"column":null}},"type":"binary-expr","locations":[{"start":{"line":47,"column":18},"end":{"line":47,"column":null}},{"start":{"line":47,"column":18},"end":{"line":69,"column":null}}]},"4":{"loc":{"start":{"line":70,"column":24},"end":{"line":70,"column":null}},"type":"binary-expr","locations":[{"start":{"line":70,"column":24},"end":{"line":70,"column":null}},{"start":{"line":70,"column":24},"end":{"line":85,"column":null}}]},"5":{"loc":{"start":{"line":86,"column":24},"end":{"line":86,"column":null}},"type":"binary-expr","locations":[{"start":{"line":86,"column":24},"end":{"line":86,"column":null}},{"start":{"line":86,"column":24},"end":{"line":101,"column":null}}]}},"s":{"0":1,"1":1},"f":{},"b":{"0":[1,1],"1":[1,1],"2":[1,1],"3":[1,1],"4":[1,1],"5":[1,1]}}
,"/Users/toluwanimi/Documents/Folder/Buycoins/src/lib/modules/wallet/index.ts": {"path":"/Users/toluwanimi/Documents/Folder/Buycoins/src/lib/modules/wallet/index.ts","statementMap":{"0":{"start":{"line":1,"column":0},"end":{"line":1,"column":48}},"1":{"start":{"line":3,"column":0},"end":{"line":3,"column":37}},"2":{"start":{"line":5,"column":0},"end":{"line":5,"column":null}},"3":{"start":{"line":5,"column":36},"end":{"line":5,"column":40}},"4":{"start":{"line":7,"column":4},"end":{"line":7,"column":null}},"5":{"start":{"line":10,"column":8},"end":{"line":12,"column":null}},"6":{"start":{"line":11,"column":11},"end":{"line":11,"column":112}},"7":{"start":{"line":11,"column":4},"end":{"line":11,"column":112}},"8":{"start":{"line":14,"column":8},"end":{"line":20,"column":null}},"9":{"start":{"line":16,"column":8},"end":{"line":16,"column":19}},"10":{"start":{"line":17,"column":13},"end":{"line":17,"column":98}},"11":{"start":{"line":17,"column":6},"end":{"line":17,"column":98}},"12":{"start":{"line":19,"column":11},"end":{"line":19,"column":76}},"13":{"start":{"line":19,"column":4},"end":{"line":19,"column":76}},"14":{"start":{"line":22,"column":0},"end":{"line":22,"column":null}}},"fnMap":{"0":{"name":"(anonymous_19)","decl":{"start":{"line":5,"column":0},"end":{"line":5,"column":36}},"loc":{"start":{"line":5,"column":0},"end":{"line":22,"column":null}}},"1":{"name":"Wallet","decl":{"start":{"line":6,"column":2},"end":{"line":6,"column":14}},"loc":{"start":{"line":6,"column":25},"end":{"line":8,"column":3}}},"2":{"name":"(anonymous_21)","decl":{"start":{"line":10,"column":2},"end":{"line":10,"column":8}},"loc":{"start":{"line":10,"column":54},"end":{"line":12,"column":null}}},"3":{"name":"(anonymous_24)","decl":{"start":{"line":14,"column":2},"end":{"line":14,"column":8}},"loc":{"start":{"line":14,"column":48},"end":{"line":20,"column":null}}}},"branchMap":{"0":{"loc":{"start":{"line":7,"column":4},"end":{"line":7,"column":17}},"type":"binary-expr","locations":[{"start":{"line":7,"column":4},"end":{"line":7,"column":17}},{"start":{"line":7,"column":17},"end":{"line":7,"column":null}}]},"1":{"loc":{"start":{"line":11,"column":11},"end":{"line":11,"column":112}},"type":"switch","locations":[{"start":{"line":11,"column":11},"end":{"line":11,"column":112}},{"start":{"line":11,"column":4},"end":{"line":11,"column":112}}]},"2":{"loc":{"start":{"line":17,"column":6},"end":{"line":17,"column":98}},"type":"switch","locations":[{"start":{"line":17,"column":6},"end":{"line":17,"column":98}},{"start":{"line":19,"column":11},"end":{"line":19,"column":76}},{"start":{"line":19,"column":4},"end":{"line":19,"column":76}}]},"3":{"loc":{"start":{"line":16,"column":8},"end":{"line":16,"column":19}},"type":"if","locations":[{"start":{"line":16,"column":8},"end":{"line":16,"column":19}},{"start":{"line":16,"column":8},"end":{"line":16,"column":19}}]},"4":{"loc":{"start":{"line":16,"column":8},"end":{"line":16,"column":19}},"type":"binary-expr","locations":[{"start":{"line":16,"column":8},"end":{"line":16,"column":19}},{"start":{"line":16,"column":23},"end":{"line":16,"column":42}}]},"5":{"loc":{"start":{"line":16,"column":34},"end":{"line":16,"column":36}},"type":"cond-expr","locations":[{"start":{"line":16,"column":34},"end":{"line":16,"column":36}},{"start":{"line":16,"column":23},"end":{"line":16,"column":42}}]},"6":{"loc":{"start":{"line":16,"column":23},"end":{"line":16,"column":36}},"type":"binary-expr","locations":[{"start":{"line":16,"column":23},"end":{"line":16,"column":36}},{"start":{"line":16,"column":23},"end":{"line":16,"column":36}}]}},"s":{"0":1,"1":1,"2":1,"3":1,"4":2,"5":1,"6":1,"7":1,"8":1,"9":2,"10":0,"11":0,"12":1,"13":1,"14":1},"f":{"0":1,"1":2,"2":1,"3":1},"b":{"0":[2,2],"1":[1,1],"2":[0,1,1],"3":[1,0],"4":[1,0],"5":[0,0],"6":[0,0]}}
,"/Users/toluwanimi/Documents/Folder/Buycoins/src/lib/modules/wallet/walletRequest.ts": {"path":"/Users/toluwanimi/Documents/Folder/Buycoins/src/lib/modules/wallet/walletRequest.ts","statementMap":{"0":{"start":{"line":1,"column":0},"end":{"line":1,"column":33}},"1":{"start":{"line":4,"column":13},"end":{"line":31,"column":null}}},"fnMap":{},"branchMap":{"0":{"loc":{"start":{"line":5,"column":29},"end":{"line":5,"column":null}},"type":"binary-expr","locations":[{"start":{"line":5,"column":29},"end":{"line":5,"column":null}},{"start":{"line":5,"column":29},"end":{"line":12,"column":null}}]},"1":{"loc":{"start":{"line":13,"column":23},"end":{"line":13,"column":null}},"type":"binary-expr","locations":[{"start":{"line":13,"column":23},"end":{"line":13,"column":null}},{"start":{"line":13,"column":23},"end":{"line":21,"column":null}}]},"2":{"loc":{"start":{"line":22,"column":19},"end":{"line":22,"column":20}},"type":"binary-expr","locations":[{"start":{"line":22,"column":19},"end":{"line":22,"column":20}},{"start":{"line":22,"column":19},"end":{"line":30,"column":null}}]}},"s":{"0":1,"1":1},"f":{},"b":{"0":[1,1],"1":[1,1],"2":[1,1]}}
,"/Users/toluwanimi/Documents/Folder/Buycoins/src/lib/modules/withdrawal/index.ts": {"path":"/Users/toluwanimi/Documents/Folder/Buycoins/src/lib/modules/withdrawal/index.ts","statementMap":{"0":{"start":{"line":2,"column":0},"end":{"line":2,"column":56}},"1":{"start":{"line":3,"column":0},"end":{"line":3,"column":37}},"2":{"start":{"line":5,"column":0},"end":{"line":5,"column":null}},"3":{"start":{"line":5,"column":40},"end":{"line":5,"column":44}},"4":{"start":{"line":7,"column":4},"end":{"line":7,"column":null}},"5":{"start":{"line":10,"column":8},"end":{"line":15,"column":null}},"6":{"start":{"line":11,"column":4},"end":{"line":13,"column":null}},"7":{"start":{"line":12,"column":6},"end":{"line":12,"column":104}},"8":{"start":{"line":14,"column":4},"end":{"line":14,"column":78}},"9":{"start":{"line":17,"column":8},"end":{"line":19,"column":null}},"10":{"start":{"line":18,"column":4},"end":{"line":18,"column":113}},"11":{"start":{"line":21,"column":8},"end":{"line":23,"column":null}},"12":{"start":{"line":22,"column":4},"end":{"line":22,"column":113}},"13":{"start":{"line":24,"column":0},"end":{"line":24,"column":null}}},"fnMap":{"0":{"name":"(anonymous_19)","decl":{"start":{"line":5,"column":0},"end":{"line":5,"column":40}},"loc":{"start":{"line":5,"column":0},"end":{"line":24,"column":null}}},"1":{"name":"Withdrawal","decl":{"start":{"line":6,"column":2},"end":{"line":6,"column":14}},"loc":{"start":{"line":6,"column":25},"end":{"line":8,"column":3}}},"2":{"name":"(anonymous_21)","decl":{"start":{"line":10,"column":2},"end":{"line":10,"column":8}},"loc":{"start":{"line":10,"column":55},"end":{"line":15,"column":null}}},"3":{"name":"(anonymous_24)","decl":{"start":{"line":17,"column":2},"end":{"line":17,"column":8}},"loc":{"start":{"line":17,"column":64},"end":{"line":19,"column":null}}},"4":{"name":"(anonymous_27)","decl":{"start":{"line":21,"column":2},"end":{"line":21,"column":8}},"loc":{"start":{"line":21,"column":64},"end":{"line":23,"column":null}}}},"branchMap":{"0":{"loc":{"start":{"line":7,"column":4},"end":{"line":7,"column":17}},"type":"binary-expr","locations":[{"start":{"line":7,"column":4},"end":{"line":7,"column":17}},{"start":{"line":7,"column":17},"end":{"line":7,"column":null}}]},"1":{"loc":{"start":{"line":11,"column":4},"end":{"line":13,"column":null}},"type":"if","locations":[{"start":{"line":11,"column":4},"end":{"line":13,"column":null}},{"start":{"line":11,"column":4},"end":{"line":13,"column":null}}]},"2":{"loc":{"start":{"line":11,"column":8},"end":{"line":11,"column":23}},"type":"binary-expr","locations":[{"start":{"line":11,"column":8},"end":{"line":11,"column":23}},{"start":{"line":11,"column":27},"end":{"line":11,"column":57}}]},"3":{"loc":{"start":{"line":11,"column":42},"end":{"line":11,"column":44}},"type":"cond-expr","locations":[{"start":{"line":11,"column":42},"end":{"line":11,"column":44}},{"start":{"line":11,"column":27},"end":{"line":11,"column":57}}]},"4":{"loc":{"start":{"line":11,"column":27},"end":{"line":11,"column":44}},"type":"binary-expr","locations":[{"start":{"line":11,"column":27},"end":{"line":11,"column":44}},{"start":{"line":11,"column":27},"end":{"line":11,"column":44}}]}},"s":{"0":1,"1":1,"2":1,"3":1,"4":3,"5":1,"6":1,"7":0,"8":1,"9":1,"10":1,"11":1,"12":1,"13":1},"f":{"0":1,"1":3,"2":1,"3":1,"4":1},"b":{"0":[3,3],"1":[0,1],"2":[1,0],"3":[0,0],"4":[0,0]}}
,"/Users/toluwanimi/Documents/Folder/Buycoins/src/lib/modules/withdrawal/withdrawalRequest.ts": {"path":"/Users/toluwanimi/Documents/Folder/Buycoins/src/lib/modules/withdrawal/withdrawalRequest.ts","statementMap":{"0":{"start":{"line":1,"column":0},"end":{"line":1,"column":35}},"1":{"start":{"line":3,"column":13},"end":{"line":56,"column":2}}},"fnMap":{},"branchMap":{"0":{"loc":{"start":{"line":4,"column":25},"end":{"line":4,"column":null}},"type":"binary-expr","locations":[{"start":{"line":4,"column":25},"end":{"line":4,"column":null}},{"start":{"line":4,"column":25},"end":{"line":15,"column":null}}]},"1":{"loc":{"start":{"line":16,"column":21},"end":{"line":16,"column":null}},"type":"binary-expr","locations":[{"start":{"line":16,"column":21},"end":{"line":16,"column":null}},{"start":{"line":16,"column":21},"end":{"line":27,"column":null}}]},"2":{"loc":{"start":{"line":28,"column":23},"end":{"line":28,"column":null}},"type":"binary-expr","locations":[{"start":{"line":28,"column":23},"end":{"line":28,"column":null}},{"start":{"line":28,"column":23},"end":{"line":41,"column":null}}]},"3":{"loc":{"start":{"line":42,"column":23},"end":{"line":42,"column":null}},"type":"binary-expr","locations":[{"start":{"line":42,"column":23},"end":{"line":42,"column":null}},{"start":{"line":42,"column":23},"end":{"line":55,"column":null}}]}},"s":{"0":1,"1":1},"f":{},"b":{"0":[1,1],"1":[1,1],"2":[1,1],"3":[1,1]}}
,"/Users/toluwanimi/Documents/Folder/Buycoins/src/lib/shared/Base.ts": {"path":"/Users/toluwanimi/Documents/Folder/Buycoins/src/lib/shared/Base.ts","statementMap":{"0":{"start":{"line":3,"column":0},"end":{"line":3,"column":null}},"1":{"start":{"line":7,"column":4},"end":{"line":7,"column":25}},"2":{"start":{"line":9,"column":0},"end":{"line":9,"column":null}}},"fnMap":{"0":{"name":"(anonymous_0)","decl":{"start":{"line":3,"column":0},"end":{"line":3,"column":null}},"loc":{"start":{"line":3,"column":0},"end":{"line":9,"column":null}}},"1":{"name":"BASE","decl":{"start":{"line":6,"column":2},"end":{"line":6,"column":14}},"loc":{"start":{"line":6,"column":39},"end":{"line":8,"column":3}}}},"branchMap":{},"s":{"0":5,"1":14,"2":5},"f":{"0":5,"1":14},"b":{}}
,"/Users/toluwanimi/Documents/Folder/Buycoins/src/testdata/order.ts": {"path":"/Users/toluwanimi/Documents/Folder/Buycoins/src/testdata/order.ts","statementMap":{"0":{"start":{"line":1,"column":13},"end":{"line":20,"column":2}}},"fnMap":{},"branchMap":{},"s":{"0":1},"f":{},"b":{}}
,"/Users/toluwanimi/Documents/Folder/Buycoins/src/testdata/send.ts": {"path":"/Users/toluwanimi/Documents/Folder/Buycoins/src/testdata/send.ts","statementMap":{"0":{"start":{"line":1,"column":13},"end":{"line":10,"column":2}},"1":{"start":{"line":12,"column":13},"end":{"line":19,"column":2}},"2":{"start":{"line":21,"column":13},"end":{"line":25,"column":2}}},"fnMap":{},"branchMap":{},"s":{"0":1,"1":1,"2":1},"f":{},"b":{}}
,"/Users/toluwanimi/Documents/Folder/Buycoins/src/testdata/trade.ts": {"path":"/Users/toluwanimi/Documents/Folder/Buycoins/src/testdata/trade.ts","statementMap":{"0":{"start":{"line":1,"column":13},"end":{"line":641,"column":2}},"1":{"start":{"line":643,"column":13},"end":{"line":649,"column":2}},"2":{"start":{"line":651,"column":13},"end":{"line":689,"column":2}},"3":{"start":{"line":691,"column":13},"end":{"line":706,"column":2}},"4":{"start":{"line":708,"column":13},"end":{"line":717,"column":2}},"5":{"start":{"line":719,"column":13},"end":{"line":725,"column":2}}},"fnMap":{},"branchMap":{},"s":{"0":1,"1":1,"2":1,"3":1,"4":1,"5":1},"f":{},"b":{}}
,"/Users/toluwanimi/Documents/Folder/Buycoins/src/testdata/wallet.ts": {"path":"/Users/toluwanimi/Documents/Folder/Buycoins/src/testdata/wallet.ts","statementMap":{"0":{"start":{"line":1,"column":13},"end":{"line":8,"column":2}},"1":{"start":{"line":10,"column":13},"end":{"line":45,"column":2}},"2":{"start":{"line":47,"column":13},"end":{"line":57,"column":2}}},"fnMap":{},"branchMap":{},"s":{"0":1,"1":1,"2":1},"f":{},"b":{}}
,"/Users/toluwanimi/Documents/Folder/Buycoins/src/testdata/withdrawal.ts": {"path":"/Users/toluwanimi/Documents/Folder/Buycoins/src/testdata/withdrawal.ts","statementMap":{"0":{"start":{"line":1,"column":13},"end":{"line":22,"column":2}},"1":{"start":{"line":24,"column":13},"end":{"line":37,"column":2}},"2":{"start":{"line":39,"column":13},"end":{"line":48,"column":2}}},"fnMap":{},"branchMap":{},"s":{"0":1,"1":1,"2":1},"f":{},"b":{}}
}
