TN:
SF:src/lib/modules/order/index.ts
FN:5,(anonymous_19)
FN:6,Order
FN:10,(anonymous_21)
FN:17,(anonymous_24)
FN:22,(anonymous_27)
FNF:5
FNH:5
FNDA:1,(anonymous_19)
FNDA:3,Order
FNDA:1,(anonymous_21)
FNDA:1,(anonymous_24)
FNDA:1,(anonymous_27)
DA:2,1
DA:3,1
DA:5,1
DA:7,3
DA:10,1
DA:11,1
DA:12,0
DA:14,1
DA:17,1
DA:18,1
DA:22,1
DA:23,1
DA:26,1
LF:13
LH:12
BRDA:7,0,0,3
BRDA:7,0,1,3
BRDA:11,1,0,0
BRDA:11,1,1,1
BRDA:11,2,0,1
BRDA:11,2,1,0
BRF:6
BRH:4
end_of_record
TN:
SF:src/lib/modules/order/orderRequest.ts
FNF:0
FNH:0
DA:1,1
DA:4,1
LF:2
LH:2
BRDA:5,0,0,1
BRDA:5,0,1,1
BRDA:23,1,0,1
BRDA:23,1,1,1
BRDA:40,2,0,1
BRDA:40,2,1,1
BRDA:51,3,0,1
BRDA:51,3,1,1
BRF:8
BRH:8
end_of_record
TN:
SF:src/lib/modules/send/index.ts
FN:5,(anonymous_19)
FN:6,Send
FN:10,(anonymous_21)
FN:14,(anonymous_24)
FN:18,(anonymous_27)
FNF:5
FNH:5
FNDA:1,(anonymous_19)
FNDA:3,Send
FNDA:1,(anonymous_21)
FNDA:1,(anonymous_24)
FNDA:1,(anonymous_27)
DA:1,1
DA:3,1
DA:5,1
DA:7,3
DA:10,1
DA:11,1
DA:14,1
DA:15,1
DA:18,1
DA:19,1
DA:21,1
LF:11
LH:11
BRDA:7,0,0,3
BRDA:7,0,1,3
BRF:2
BRH:2
end_of_record
TN:
SF:src/lib/modules/send/sendRequest.ts
FNF:0
FNH:0
DA:1,1
DA:3,1
LF:2
LH:2
BRDA:4,0,0,1
BRDA:4,0,1,1
BRDA:21,1,0,1
BRDA:21,1,1,1
BRDA:28,2,0,1
BRDA:28,2,1,1
BRF:6
BRH:6
end_of_record
TN:
SF:src/lib/modules/trade/index.ts
FN:6,(anonymous_6)
FN:7,Trade
FN:11,(anonymous_8)
FN:15,(anonymous_9)
FN:20,(anonymous_10)
FN:24,(anonymous_11)
FN:28,(anonymous_12)
FNF:7
FNH:5
FNDA:1,(anonymous_6)
FNDA:3,Trade
FNDA:1,(anonymous_8)
FNDA:0,(anonymous_9)
FNDA:1,(anonymous_10)
FNDA:1,(anonymous_11)
FNDA:0,(anonymous_12)
DA:1,1
DA:3,1
DA:6,1
DA:8,3
DA:11,1
DA:12,1
DA:15,1
DA:16,0
DA:20,1
DA:21,1
DA:24,1
DA:25,1
DA:28,1
DA:29,0
DA:30,0
DA:35,0
DA:36,0
DA:41,0
DA:43,1
LF:19
LH:13
BRDA:8,0,0,3
BRDA:8,0,1,3
BRDA:29,1,0,0
BRDA:29,1,1,0
BRDA:29,2,0,0
BRDA:29,2,1,0
BRDA:35,3,0,0
BRDA:35,3,1,0
BRDA:35,4,0,0
BRDA:35,4,1,0
BRF:10
BRH:2
end_of_record
TN:
SF:src/lib/modules/trade/tradeRequest.ts
FNF:0
FNH:0
DA:1,1
DA:4,1
LF:2
LH:2
BRDA:5,0,0,1
BRDA:5,0,1,1
BRDA:28,1,0,1
BRDA:28,1,1,1
BRDA:41,2,0,1
BRDA:41,2,1,1
BRDA:47,3,0,1
BRDA:47,3,1,1
BRDA:70,4,0,1
BRDA:70,4,1,1
BRDA:86,5,0,1
BRDA:86,5,1,1
BRF:12
BRH:12
end_of_record
TN:
SF:src/lib/modules/wallet/index.ts
FN:5,(anonymous_19)
FN:6,Wallet
FN:10,(anonymous_21)
FN:14,(anonymous_24)
FNF:4
FNH:4
FNDA:1,(anonymous_19)
FNDA:2,Wallet
FNDA:1,(anonymous_21)
FNDA:1,(anonymous_24)
DA:1,1
DA:3,1
DA:5,1
DA:7,2
DA:10,1
DA:11,1
DA:14,1
DA:16,2
DA:17,0
DA:19,1
DA:22,1
LF:11
LH:10
BRDA:7,0,0,2
BRDA:7,0,1,2
BRDA:11,1,0,1
BRDA:11,1,1,1
BRDA:17,2,0,0
BRDA:17,2,1,1
BRDA:17,2,2,1
BRDA:16,3,0,1
BRDA:16,3,1,0
BRDA:16,4,0,1
BRDA:16,4,1,0
BRDA:16,5,0,0
BRDA:16,5,1,0
BRDA:16,6,0,0
BRDA:16,6,1,0
BRF:15
BRH:8
end_of_record
TN:
SF:src/lib/modules/wallet/walletRequest.ts
FNF:0
FNH:0
DA:1,1
DA:4,1
LF:2
LH:2
BRDA:5,0,0,1
BRDA:5,0,1,1
BRDA:13,1,0,1
BRDA:13,1,1,1
BRDA:22,2,0,1
BRDA:22,2,1,1
BRF:6
BRH:6
end_of_record
TN:
SF:src/lib/modules/withdrawal/index.ts
FN:5,(anonymous_19)
FN:6,Withdrawal
FN:10,(anonymous_21)
FN:17,(anonymous_24)
FN:21,(anonymous_27)
FNF:5
FNH:5
FNDA:1,(anonymous_19)
FNDA:3,Withdrawal
FNDA:1,(anonymous_21)
FNDA:1,(anonymous_24)
FNDA:1,(anonymous_27)
DA:2,1
DA:3,1
DA:5,1
DA:7,3
DA:10,1
DA:11,1
DA:12,0
DA:14,1
DA:17,1
DA:18,1
DA:21,1
DA:22,1
DA:24,1
LF:13
LH:12
BRDA:7,0,0,3
BRDA:7,0,1,3
BRDA:11,1,0,0
BRDA:11,1,1,1
BRDA:11,2,0,1
BRDA:11,2,1,0
BRDA:11,3,0,0
BRDA:11,3,1,0
BRDA:11,4,0,0
BRDA:11,4,1,0
BRF:10
BRH:4
end_of_record
TN:
SF:src/lib/modules/withdrawal/withdrawalRequest.ts
FNF:0
FNH:0
DA:1,1
DA:3,1
LF:2
LH:2
BRDA:4,0,0,1
BRDA:4,0,1,1
BRDA:16,1,0,1
BRDA:16,1,1,1
BRDA:28,2,0,1
BRDA:28,2,1,1
BRDA:42,3,0,1
BRDA:42,3,1,1
BRF:8
BRH:8
end_of_record
TN:
SF:src/lib/shared/Base.ts
FN:3,(anonymous_0)
FN:6,BASE
FNF:2
FNH:2
FNDA:5,(anonymous_0)
FNDA:14,BASE
DA:3,5
DA:7,14
DA:9,5
LF:3
LH:3
BRF:0
BRH:0
end_of_record
TN:
SF:src/testdata/order.ts
FNF:0
FNH:0
DA:1,1
LF:1
LH:1
BRF:0
BRH:0
end_of_record
TN:
SF:src/testdata/send.ts
FNF:0
FNH:0
DA:1,1
DA:12,1
DA:21,1
LF:3
LH:3
BRF:0
BRH:0
end_of_record
TN:
SF:src/testdata/trade.ts
FNF:0
FNH:0
DA:1,1
DA:643,1
DA:651,1
DA:691,1
DA:708,1
DA:719,1
LF:6
LH:6
BRF:0
BRH:0
end_of_record
TN:
SF:src/testdata/wallet.ts
FNF:0
FNH:0
DA:1,1
DA:10,1
DA:47,1
LF:3
LH:3
BRF:0
BRH:0
end_of_record
TN:
SF:src/testdata/withdrawal.ts
FNF:0
FNH:0
DA:1,1
DA:24,1
DA:39,1
LF:3
LH:3
BRF:0
BRH:0
end_of_record
